  test1.cpp
  test2.cpp
  正在生成代码...
test2.obj : error LNK2005: main 已经在 test1.obj 中定义
C:\Users\Lenovo\Desktop\C语言练习\2.21\TEST-1\x64\Debug\TEST.exe : fatal error LNK1169: 找到一个或多个多重定义的符号
